SF:lib\controller\fuelQuoteController.dart
DA:14,1
DA:15,2
DA:18,1
DA:19,2
DA:22,0
DA:23,0
DA:26,2
LF:7
LH:5
end_of_record
SF:lib\model\fuelQuoteModel.dart
DA:8,1
LF:1
LH:1
end_of_record
SF:lib\firebase_options.dart
DA:18,0
DA:22,0
DA:23,0
DA:24,0
DA:28,0
DA:29,0
DA:33,0
DA:34,0
DA:38,0
DA:39,0
DA:43,0
DA:44,0
DA:49,0
LF:13
LH:0
end_of_record
SF:lib\AppAuth.dart
DA:2,1
DA:3,3
LF:2
LH:2
end_of_record
SF:lib\controller\quoteHistoryController.dart
DA:7,0
DA:11,0
DA:13,0
DA:14,0
DA:15,0
DA:16,0
DA:17,0
DA:18,0
DA:23,0
DA:24,0
DA:25,0
DA:26,0
DA:27,0
DA:28,0
DA:32,0
DA:33,0
LF:16
LH:0
end_of_record
SF:lib\model\quoteHistoryModel.dart
DA:13,0
DA:14,0
DA:15,0
DA:16,0
DA:17,0
DA:18,0
DA:19,0
DA:20,0
DA:24,0
DA:25,0
DA:26,0
DA:27,0
DA:28,0
DA:29,0
DA:31,0
DA:32,0
DA:35,0
LF:17
LH:0
end_of_record
SF:lib\clientManage.dart
DA:11,0
DA:12,0
DA:16,5
DA:18,1
DA:27,4
DA:29,1
DA:30,1
DA:102,1
DA:104,1
DA:105,1
DA:108,1
DA:110,2
DA:111,2
DA:112,2
DA:113,2
DA:114,2
DA:115,1
DA:118,1
DA:120,1
DA:122,1
DA:124,1
DA:125,1
DA:126,1
DA:127,0
DA:128,0
DA:130,0
DA:131,0
DA:136,1
DA:137,1
DA:138,0
DA:139,0
DA:141,0
DA:142,0
DA:147,1
DA:148,1
DA:149,0
DA:150,0
DA:152,0
DA:153,0
DA:158,1
DA:159,1
DA:160,0
DA:161,0
DA:163,0
DA:164,0
DA:173,1
DA:174,1
DA:176,1
DA:177,1
DA:178,1
DA:180,1
DA:182,1
DA:183,1
DA:184,1
DA:192,1
DA:193,1
DA:203,1
DA:204,1
DA:205,1
DA:213,1
DA:214,1
DA:224,1
DA:225,1
DA:226,1
DA:239,1
DA:240,1
DA:241,1
DA:249,1
DA:250,1
DA:260,1
DA:261,1
DA:262,0
DA:263,0
DA:264,0
DA:265,0
DA:269,3
DA:270,1
DA:272,1
DA:274,1
DA:280,1
DA:281,1
DA:282,1
DA:290,1
DA:291,1
DA:300,1
DA:301,1
DA:302,3
DA:304,4
DA:305,4
DA:306,4
DA:307,4
DA:308,4
DA:314,2
DA:315,2
DA:316,2
DA:317,2
DA:318,2
DA:319,2
DA:322,1
DA:328,1
DA:334,1
DA:337,0
DA:339,0
LF:103
LH:79
end_of_record
SF:lib\controller\clientManageController.dart
DA:15,1
DA:16,2
DA:18,1
DA:19,2
DA:21,1
DA:22,2
DA:24,1
DA:25,2
DA:27,0
DA:28,0
DA:30,1
DA:31,2
DA:34,0
LF:13
LH:10
end_of_record
SF:lib\fuelQuote.dart
DA:7,0
DA:8,0
DA:10,0
DA:16,4
DA:18,0
DA:19,0
DA:34,0
DA:35,0
DA:36,0
DA:37,0
DA:41,0
DA:43,0
DA:44,0
DA:45,0
DA:48,0
DA:49,0
DA:50,0
DA:51,0
DA:53,0
DA:54,0
DA:57,0
DA:61,0
DA:63,0
DA:65,0
DA:66,0
DA:67,0
DA:68,0
DA:69,0
DA:71,0
DA:72,0
DA:77,0
DA:78,0
DA:79,0
DA:80,0
DA:82,0
DA:83,0
DA:88,0
DA:89,0
DA:90,0
DA:91,0
DA:93,0
DA:94,0
DA:99,0
DA:100,0
DA:101,0
DA:102,0
DA:104,0
DA:105,0
DA:114,0
DA:116,0
DA:117,0
DA:118,0
DA:119,0
DA:181,0
DA:182,0
DA:184,0
DA:185,0
DA:194,0
DA:195,0
DA:197,0
DA:200,0
DA:201,0
DA:210,0
DA:211,0
DA:217,0
DA:218,0
DA:224,0
DA:225,0
DA:231,0
DA:232,0
DA:233,0
DA:234,0
DA:237,0
DA:238,0
DA:239,0
DA:242,0
DA:243,0
DA:244,0
DA:245,0
DA:246,0
DA:249,0
DA:250,0
DA:253,0
DA:257,0
DA:259,0
DA:260,0
LF:86
LH:1
end_of_record
SF:lib\quoteHistoryPage.dart
DA:11,0
DA:12,0
DA:16,4
DA:18,0
DA:19,0
DA:29,0
DA:30,0
DA:31,0
DA:32,0
DA:33,0
DA:37,0
DA:39,0
DA:43,0
DA:45,0
DA:46,0
DA:47,0
DA:49,0
DA:51,0
DA:52,0
DA:53,0
DA:54,0
DA:55,0
DA:57,0
DA:58,0
DA:63,0
DA:64,0
DA:65,0
DA:66,0
DA:68,0
DA:69,0
DA:74,0
DA:75,0
DA:76,0
DA:77,0
DA:79,0
DA:80,0
DA:85,0
DA:86,0
DA:87,0
DA:88,0
DA:90,0
DA:91,0
DA:99,0
DA:100,0
DA:123,0
DA:124,0
DA:125,0
DA:126,0
DA:127,0
DA:129,0
DA:130,0
DA:132,0
DA:133,0
DA:135,0
DA:136,0
DA:138,0
DA:139,0
DA:143,0
LF:58
LH:1
end_of_record
SF:lib\loginPage.dart
DA:20,0
DA:21,0
DA:22,0
DA:23,0
DA:25,0
DA:34,15
DA:36,2
DA:37,2
DA:47,0
DA:48,0
DA:49,0
DA:51,0
DA:53,0
DA:54,0
DA:57,0
DA:58,0
DA:59,0
DA:63,0
DA:64,0
DA:67,0
DA:68,0
DA:70,0
DA:71,0
DA:72,0
DA:78,0
DA:80,0
DA:81,0
DA:84,0
DA:86,0
DA:87,0
DA:88,0
DA:90,0
DA:92,0
DA:93,0
DA:95,0
DA:96,0
DA:97,0
DA:98,0
DA:99,0
DA:105,0
DA:106,0
DA:121,0
DA:123,0
DA:124,0
DA:125,0
DA:126,0
DA:128,0
DA:130,0
DA:131,0
DA:137,0
DA:139,0
DA:140,0
DA:141,0
DA:143,0
DA:145,0
DA:147,0
DA:148,0
DA:154,0
DA:156,0
DA:157,0
DA:158,0
DA:159,0
DA:161,0
DA:165,0
DA:167,0
DA:171,0
DA:172,0
DA:173,0
DA:174,0
DA:175,0
DA:180,0
DA:184,0
DA:186,0
DA:192,0
DA:193,0
LF:75
LH:3
end_of_record
SF:lib\clientReg.dart
DA:8,4
DA:10,0
DA:11,0
DA:19,0
DA:20,0
DA:21,0
DA:22,0
DA:23,0
DA:25,0
DA:26,0
DA:27,0
DA:29,0
DA:30,0
DA:39,0
DA:41,0
DA:42,0
DA:45,0
DA:46,0
DA:48,0
DA:50,0
DA:51,0
DA:52,0
DA:59,0
DA:60,0
DA:68,0
DA:69,0
DA:70,0
DA:71,0
DA:73,0
DA:74,0
DA:79,0
DA:80,0
DA:85,0
DA:86,0
DA:89,0
DA:91,0
DA:92,0
LF:37
LH:1
end_of_record
SF:lib\controller\loginPageController.dart
DA:14,0
DA:15,0
DA:16,0
DA:18,0
DA:20,0
DA:21,0
DA:24,0
DA:29,0
DA:31,0
DA:32,0
DA:33,0
DA:35,0
DA:36,0
DA:37,0
DA:39,0
DA:40,0
DA:47,0
LF:17
LH:0
end_of_record
SF:lib\model\loginPageModel.dart
DA:5,0
DA:7,0
DA:8,0
DA:9,0
DA:10,0
DA:14,0
DA:18,0
DA:19,0
DA:20,0
DA:24,0
DA:25,0
DA:26,0
DA:27,0
LF:13
LH:0
end_of_record
SF:lib\model\clientManageRepo.dart
DA:9,1
LF:1
LH:1
end_of_record
SF:lib\navigationPage.dart
DA:7,0
DA:8,0
DA:12,8
DA:14,0
DA:16,0
DA:24,4
DA:26,0
DA:28,0
DA:29,0
DA:32,0
DA:33,0
DA:35,0
DA:36,0
DA:37,0
DA:38,0
DA:39,0
DA:40,0
DA:41,0
DA:48,0
DA:50,0
DA:51,0
DA:52,0
DA:54,0
DA:55,0
DA:59,0
DA:61,0
DA:62,0
DA:63,0
DA:66,0
DA:67,0
LF:30
LH:2
end_of_record
